orlis/open_source_benchmarks/apps/com.nightshadelabs.anotherbrowser_3_src.tar.gz/app/build/outputs/logs/manifest-merger-debug-report.txt
-- Merging decision tree log ---
manifest
ADDED from src/main/AndroidManifest.xml:2:1-22:12
	package
		ADDED from src/main/AndroidManifest.xml:3:5-48
	android:versionName
		INJECTED from src/main/AndroidManifest.xml
		INJECTED from src/main/AndroidManifest.xml
	xmlns:android
		ADDED from src/main/AndroidManifest.xml:2:11-69
	android:versionCode
		INJECTED from src/main/AndroidManifest.xml
		INJECTED from src/main/AndroidManifest.xml
application
ADDED from src/main/AndroidManifest.xml:5:5-20:19
	android:label
		ADDED from src/main/AndroidManifest.xml:7:9-41
	android:icon
		ADDED from src/main/AndroidManifest.xml:6:9-43
	android:theme
		ADDED from src/main/AndroidManifest.xml:8:9-52
activity#com.nightshadelabs.anotherbrowser.AnotherBrowserActivity
ADDED from src/main/AndroidManifest.xml:9:9-18:20
	android:label
		ADDED from src/main/AndroidManifest.xml:11:13-45
	android:excludeFromRecents
		ADDED from src/main/AndroidManifest.xml:12:14-47
	android:name
		ADDED from src/main/AndroidManifest.xml:10:13-51
intent-filter#android.intent.action.SEND+android.intent.category.DEFAULT
ADDED from src/main/AndroidManifest.xml:13:13-17:29
action#android.intent.action.SEND
ADDED from src/main/AndroidManifest.xml:14:17-69
	android:name
		ADDED from src/main/AndroidManifest.xml:14:25-66
category#android.intent.category.DEFAULT
ADDED from src/main/AndroidManifest.xml:15:14-73
	android:name
		ADDED from src/main/AndroidManifest.xml:15:24-70
data
ADDED from src/main/AndroidManifest.xml:16:14-52
	android:mimeType
		ADDED from src/main/AndroidManifest.xml:16:20-49
uses-sdk
INJECTED from src/main/AndroidManifest.xml reason: use-sdk injection requested
	android:targetSdkVersion
		INJECTED from src/main/AndroidManifest.xml
		INJECTED from src/main/AndroidManifest.xml
	android:minSdkVersion
		INJECTED from src/main/AndroidManifest.xml
		INJECTED from src/main/AndroidManifest.xml